<?xml version="1.0" encoding="UTF-8"?>
<testsuite xmlns:xsi="http://www.w3.org/2001/XMLSchema-instance" xsi:noNamespaceSchemaLocation="https://maven.apache.org/surefire/maven-surefire-plugin/xsd/surefire-test-report-3.0.xsd" version="3.0" name="com.mongodb.springai_mongodb.SpringaiMongodbApplicationTests" time="4.867" tests="1" errors="0" skipped="0" failures="0">
  <properties>
[...]
</properties>
  <testcase name="contextLoads" classname="com.mongodb.springai_mongodb.SpringaiMongodbApplicationTests" time="0.441">
    <system-out><![CDATA[13:43:31.618 [main] INFO org.springframework.test.context.support.AnnotationConfigContextLoaderUtils -- Could not detect default configuration classes for test class [com.mongodb.springai_mongodb.SpringaiMongodbApplicationTests]: SpringaiMongodbApplicationTests does not declare any static, non-private, non-final, nested classes annotated with @Configuration.
13:43:31.660 [main] INFO org.springframework.boot.test.context.SpringBootTestContextBootstrapper -- Found @SpringBootConfiguration com.mongodb.springai_mongodb.SpringaiMongodbApplication for test class com.mongodb.springai_mongodb.SpringaiMongodbApplicationTests
  .   ____          _            __ _ _
 /\\ / ___'_ __ _ _(_)_ __  __ _ \ \ \ \
( ( )\___ | '_ | '_| | '_ \/ _` | \ \ \ \
 \\/  ___)| |_)| | | | | || (_| |  ) ) ) )
  '  |____| .__|_| |_|_| |_\__, | / / / /
 =========|_|==============|___/=/_/_/_/

 :: Spring Boot ::                (v3.3.0)

2024-06-10T13:43:31.811+01:00  WARN 31159 --- [springai-mongodb] [           main] ory$DuplicateJsonObjectContextCustomizer : 

Found multiple occurrences of org.json.JSONObject on the class path:

	jar:file:/Users/tim.kelly/.m2/repository/org/json/json/20231013/json-20231013.jar!/org/json/JSONObject.class
	jar:file:/Users/tim.kelly/.m2/repository/com/vaadin/external/google/android-json/0.0.20131108.vaadin1/android-json-0.0.20131108.vaadin1.jar!/org/json/JSONObject.class

You may wish to exclude one of them to ensure predictable runtime behavior

2024-06-10T13:43:31.818+01:00  INFO 31159 --- [springai-mongodb] [           main] c.m.s.SpringaiMongodbApplicationTests    : Starting SpringaiMongodbApplicationTests using Java 21.0.2 with PID 31159 (started by tim.kelly in /Users/tim.kelly/Downloads/springai-mongodb)
2024-06-10T13:43:31.818+01:00  INFO 31159 --- [springai-mongodb] [           main] c.m.s.SpringaiMongodbApplicationTests    : No active profile set, falling back to 1 default profile: "default"
2024-06-10T13:43:32.173+01:00  INFO 31159 --- [springai-mongodb] [           main] .s.d.r.c.RepositoryConfigurationDelegate : Bootstrapping Spring Data MongoDB repositories in DEFAULT mode.
2024-06-10T13:43:32.181+01:00  INFO 31159 --- [springai-mongodb] [           main] .s.d.r.c.RepositoryConfigurationDelegate : Finished Spring Data repository scanning in 6 ms. Found 0 MongoDB repository interfaces.
2024-06-10T13:43:32.417+01:00  INFO 31159 --- [springai-mongodb] [           main] org.mongodb.driver.client                : MongoClient with metadata {"application": {"name": "Cluster0"}, "driver": {"name": "mongo-java-driver|sync|spring-boot", "version": "5.0.1"}, "os": {"type": "Darwin", "name": "Mac OS X", "architecture": "aarch64", "version": "14.5"}, "platform": "Java/Oracle Corporation/21.0.2+13-LTS-58"} created with settings MongoClientSettings{readPreference=primary, writeConcern=WriteConcern{w=majority, wTimeout=null ms, journal=null}, retryWrites=true, retryReads=true, readConcern=ReadConcern{level=null}, credential=MongoCredential{mechanism=null, userName='timkelly', source='admin', password=<hidden>, mechanismProperties=<hidden>}, transportSettings=null, commandListeners=[], codecRegistry=ProvidersCodecRegistry{codecProviders=[ValueCodecProvider{}, BsonValueCodecProvider{}, DBRefCodecProvider{}, DBObjectCodecProvider{}, DocumentCodecProvider{}, CollectionCodecProvider{}, IterableCodecProvider{}, MapCodecProvider{}, GeoJsonCodecProvider{}, GridFSFileCodecProvider{}, Jsr310CodecProvider{}, JsonObjectCodecProvider{}, BsonCodecProvider{}, EnumCodecProvider{}, com.mongodb.client.model.mql.ExpressionCodecProvider@23cd5d42, com.mongodb.Jep395RecordCodecProvider@2b44d6d0, com.mongodb.KotlinCodecProvider@3e900e1a]}, loggerSettings=LoggerSettings{maxDocumentLength=1000}, clusterSettings={hosts=[127.0.0.1:27017], srvHost=cluster0.boh7k.mongodb.net, srvServiceName=mongodb, mode=MULTIPLE, requiredClusterType=REPLICA_SET, requiredReplicaSetName='atlas-6heh2p-shard-0', serverSelector='null', clusterListeners='[]', serverSelectionTimeout='30000 ms', localThreshold='15 ms'}, socketSettings=SocketSettings{connectTimeoutMS=10000, readTimeoutMS=0, receiveBufferSize=0, proxySettings=ProxySettings{host=null, port=null, username=null, password=null}}, heartbeatSocketSettings=SocketSettings{connectTimeoutMS=10000, readTimeoutMS=10000, receiveBufferSize=0, proxySettings=ProxySettings{host=null, port=null, username=null, password=null}}, connectionPoolSettings=ConnectionPoolSettings{maxSize=100, minSize=0, maxWaitTimeMS=120000, maxConnectionLifeTimeMS=0, maxConnectionIdleTimeMS=0, maintenanceInitialDelayMS=0, maintenanceFrequencyMS=60000, connectionPoolListeners=[], maxConnecting=2}, serverSettings=ServerSettings{heartbeatFrequencyMS=10000, minHeartbeatFrequencyMS=500, serverListeners='[]', serverMonitorListeners='[]'}, sslSettings=SslSettings{enabled=true, invalidHostNameAllowed=false, context=null}, applicationName='Cluster0', compressorList=[], uuidRepresentation=JAVA_LEGACY, serverApi=null, autoEncryptionSettings=null, dnsClient=null, inetAddressResolver=null, contextProvider=null}
2024-06-10T13:43:32.471+01:00  INFO 31159 --- [springai-mongodb] [h7k.mongodb.net] org.mongodb.driver.cluster               : Adding discovered server cluster0-shard-00-01.boh7k.mongodb.net:27017 to client view of cluster
2024-06-10T13:43:32.481+01:00  INFO 31159 --- [springai-mongodb] [h7k.mongodb.net] org.mongodb.driver.cluster               : Adding discovered server cluster0-shard-00-00.boh7k.mongodb.net:27017 to client view of cluster
2024-06-10T13:43:32.483+01:00  INFO 31159 --- [springai-mongodb] [h7k.mongodb.net] org.mongodb.driver.cluster               : Adding discovered server cluster0-shard-00-02.boh7k.mongodb.net:27017 to client view of cluster
2024-06-10T13:43:32.620+01:00  INFO 31159 --- [springai-mongodb] [           main] org.mongodb.driver.cluster               : Waiting for server to become available for operation with ID 1. Remaining time: 30000 ms. Selector: ReadPreferenceServerSelector{readPreference=primary}, topology description: {type=REPLICA_SET, servers=[{address=cluster0-shard-00-00.boh7k.mongodb.net:27017, type=UNKNOWN, state=CONNECTING}, {address=cluster0-shard-00-01.boh7k.mongodb.net:27017, type=UNKNOWN, state=CONNECTING}, {address=cluster0-shard-00-02.boh7k.mongodb.net:27017, type=UNKNOWN, state=CONNECTING}].
2024-06-10T13:43:33.363+01:00  INFO 31159 --- [springai-mongodb] [ngodb.net:27017] org.mongodb.driver.cluster               : Monitor thread successfully connected to server with description ServerDescription{address=cluster0-shard-00-00.boh7k.mongodb.net:27017, type=REPLICA_SET_SECONDARY, state=CONNECTED, ok=true, minWireVersion=0, maxWireVersion=21, maxDocumentSize=16777216, logicalSessionTimeoutMinutes=30, roundTripTimeNanos=439347500, setName='atlas-6heh2p-shard-0', canonicalAddress=cluster0-shard-00-00.boh7k.mongodb.net:27017, hosts=[cluster0-shard-00-02.boh7k.mongodb.net:27017, cluster0-shard-00-01.boh7k.mongodb.net:27017, cluster0-shard-00-00.boh7k.mongodb.net:27017], passives=[], arbiters=[], primary='cluster0-shard-00-02.boh7k.mongodb.net:27017', tagSet=TagSet{[Tag{name='availabilityZone', value='1'}, Tag{name='diskState', value='READY'}, Tag{name='nodeType', value='ELECTABLE'}, Tag{name='provider', value='AZURE'}, Tag{name='region', value='EUROPE_NORTH'}, Tag{name='workloadType', value='OPERATIONAL'}]}, electionId=null, setVersion=1, topologyVersion=TopologyVersion{processId=6661e49670ba04c84b9e83cc, counter=8}, lastWriteDate=Mon Jun 10 13:43:30 IST 2024, lastUpdateTimeNanos=12113125888541}
2024-06-10T13:43:33.411+01:00  INFO 31159 --- [springai-mongodb] [ngodb.net:27017] org.mongodb.driver.cluster               : Monitor thread successfully connected to server with description ServerDescription{address=cluster0-shard-00-01.boh7k.mongodb.net:27017, type=REPLICA_SET_SECONDARY, state=CONNECTED, ok=true, minWireVersion=0, maxWireVersion=21, maxDocumentSize=16777216, logicalSessionTimeoutMinutes=30, roundTripTimeNanos=474036750, setName='atlas-6heh2p-shard-0', canonicalAddress=cluster0-shard-00-01.boh7k.mongodb.net:27017, hosts=[cluster0-shard-00-02.boh7k.mongodb.net:27017, cluster0-shard-00-01.boh7k.mongodb.net:27017, cluster0-shard-00-00.boh7k.mongodb.net:27017], passives=[], arbiters=[], primary='cluster0-shard-00-02.boh7k.mongodb.net:27017', tagSet=TagSet{[Tag{name='availabilityZone', value='2'}, Tag{name='diskState', value='READY'}, Tag{name='nodeType', value='ELECTABLE'}, Tag{name='provider', value='AZURE'}, Tag{name='region', value='EUROPE_NORTH'}, Tag{name='workloadType', value='OPERATIONAL'}]}, electionId=null, setVersion=1, topologyVersion=TopologyVersion{processId=6661e4cb19c233b71bb3b646, counter=5}, lastWriteDate=Mon Jun 10 13:43:30 IST 2024, lastUpdateTimeNanos=12113175437458}
2024-06-10T13:43:33.419+01:00  INFO 31159 --- [springai-mongodb] [ngodb.net:27017] org.mongodb.driver.cluster               : Monitor thread successfully connected to server with description ServerDescription{address=cluster0-shard-00-02.boh7k.mongodb.net:27017, type=REPLICA_SET_PRIMARY, state=CONNECTED, ok=true, minWireVersion=0, maxWireVersion=21, maxDocumentSize=16777216, logicalSessionTimeoutMinutes=30, roundTripTimeNanos=505007417, setName='atlas-6heh2p-shard-0', canonicalAddress=cluster0-shard-00-02.boh7k.mongodb.net:27017, hosts=[cluster0-shard-00-02.boh7k.mongodb.net:27017, cluster0-shard-00-01.boh7k.mongodb.net:27017, cluster0-shard-00-00.boh7k.mongodb.net:27017], passives=[], arbiters=[], primary='cluster0-shard-00-02.boh7k.mongodb.net:27017', tagSet=TagSet{[Tag{name='availabilityZone', value='3'}, Tag{name='diskState', value='READY'}, Tag{name='nodeType', value='ELECTABLE'}, Tag{name='provider', value='AZURE'}, Tag{name='region', value='EUROPE_NORTH'}, Tag{name='workloadType', value='OPERATIONAL'}]}, electionId=7fffffff0000000000000002, setVersion=1, topologyVersion=TopologyVersion{processId=6661e4a77ce2ffd05a930edf, counter=7}, lastWriteDate=Mon Jun 10 13:43:30 IST 2024, lastUpdateTimeNanos=12113182974458}
2024-06-10T13:43:33.420+01:00  INFO 31159 --- [springai-mongodb] [ngodb.net:27017] org.mongodb.driver.cluster               : Discovered replica set primary cluster0-shard-00-02.boh7k.mongodb.net:27017 with max election id 7fffffff0000000000000002 and max set version 1
2024-06-10T13:43:35.958+01:00  INFO 31159 --- [springai-mongodb] [           main] c.m.s.SpringaiMongodbApplicationTests    : Started SpringaiMongodbApplicationTests in 4.245 seconds (process running for 4.636)
]]></system-out>
    <system-err><![CDATA[WARNING: A Java agent has been loaded dynamically (/Users/tim.kelly/.m2/repository/net/bytebuddy/byte-buddy-agent/1.14.16/byte-buddy-agent-1.14.16.jar)
WARNING: If a serviceability tool is in use, please run with -XX:+EnableDynamicAgentLoading to hide this warning
WARNING: If a serviceability tool is not in use, please run with -Djdk.instrument.traceUsage for more information
WARNING: Dynamic loading of agents will be disallowed by default in a future release
]]></system-err>
  </testcase>
</testsuite>